<?xml version="1.0" encoding="UTF-8"?>
<!-- Generated by org.testng.reporters.JUnitReportReporter -->
<testsuite hostname="DESKTOP-SIH2KFG" failures="0" tests="2" name="teamRCB.RCBTest" time="0.016" errors="0" timestamp="2022-08-29T22:44:19 IST" skipped="0">
  <testcase classname="teamRCB.RCBTest" name="validateIfTeamHasAtLeastOneWicketkeeper" time="0.013"/>
  <system-out/>
  <testcase classname="teamRCB.RCBTest" name="validateIfTeamHasOnlyFourForeignPlayers" time="0.003"/>
  <system-out/>
</testsuite> <!-- teamRCB.RCBTest -->
